<?xml version="1.0" encoding="UTF-8"?>
<testsuite xmlns:xsi="http://www.w3.org/2001/XMLSchema-instance" xsi:noNamespaceSchemaLocation="https://maven.apache.org/surefire/maven-surefire-plugin/xsd/surefire-test-report-3.0.xsd" version="3.0" name="io.helidon.examples.quickstart.mp.MainTest" time="13.138" tests="1" errors="0" skipped="0" failures="0">
  <properties>
    <property name="java.specification.version" value="14"/>
    <property name="sun.cpu.isalist" value="amd64"/>
    <property name="jersey.config.allowSystemPropertiesProvider" value="true"/>
    <property name="sun.jnu.encoding" value="Cp1252"/>
    <property name="java.class.path" value="F:\Helidon\helidon-quickstart-mp\target\test-classes;F:\Helidon\helidon-quickstart-mp\target\classes;C:\Users\hp\.m2\repository\io\helidon\microprofile\bundles\helidon-microprofile\2.4.2\helidon-microprofile-2.4.2.jar;C:\Users\hp\.m2\repository\io\helidon\microprofile\bundles\helidon-microprofile-core\2.4.2\helidon-microprofile-core-2.4.2.jar;C:\Users\hp\.m2\repository\io\helidon\microprofile\server\helidon-microprofile-server\2.4.2\helidon-microprofile-server-2.4.2.jar;C:\Users\hp\.m2\repository\io\helidon\microprofile\cdi\helidon-microprofile-cdi\2.4.2\helidon-microprofile-cdi-2.4.2.jar;C:\Users\hp\.m2\repository\io\helidon\microprofile\weld\weld-se-core\2.4.2\weld-se-core-2.4.2.jar;C:\Users\hp\.m2\repository\io\helidon\microprofile\weld\weld-core-impl\2.4.2\weld-core-impl-2.4.2.jar;C:\Users\hp\.m2\repository\org\jboss\weld\environment\weld-environment-common\3.1.6.Final\weld-environment-common-3.1.6.Final.jar;C:\Users\hp\.m2\repository\org\jboss\logging\jboss-logging\3.2.1.Final\jboss-logging-3.2.1.Final.jar;C:\Users\hp\.m2\repository\org\jboss\classfilewriter\jboss-classfilewriter\1.2.5.Final\jboss-classfilewriter-1.2.5.Final.jar;C:\Users\hp\.m2\repository\io\helidon\webserver\helidon-webserver\2.4.2\helidon-webserver-2.4.2.jar;C:\Users\hp\.m2\repository\io\helidon\media\helidon-media-common\2.4.2\helidon-media-common-2.4.2.jar;C:\Users\hp\.m2\repository\io\helidon\logging\helidon-logging-common\2.4.2\helidon-logging-common-2.4.2.jar;C:\Users\hp\.m2\repository\io\opentracing\opentracing-api\0.33.0\opentracing-api-0.33.0.jar;C:\Users\hp\.m2\repository\io\opentracing\opentracing-noop\0.33.0\opentracing-noop-0.33.0.jar;C:\Users\hp\.m2\repository\io\netty\netty-codec-http\4.1.73.Final\netty-codec-http-4.1.73.Final.jar;C:\Users\hp\.m2\repository\io\netty\netty-common\4.1.73.Final\netty-common-4.1.73.Final.jar;C:\Users\hp\.m2\repository\io\netty\netty-transport\4.1.73.Final\netty-transport-4.1.73.Final.jar;C:\Users\hp\.m2\repository\io\netty\netty-codec\4.1.73.Final\netty-codec-4.1.73.Final.jar;C:\Users\hp\.m2\repository\io\netty\netty-codec-http2\4.1.73.Final\netty-codec-http2-4.1.73.Final.jar;C:\Users\hp\.m2\repository\io\netty\netty-handler\4.1.73.Final\netty-handler-4.1.73.Final.jar;C:\Users\hp\.m2\repository\io\netty\netty-resolver\4.1.73.Final\netty-resolver-4.1.73.Final.jar;C:\Users\hp\.m2\repository\io\netty\netty-tcnative-classes\2.0.46.Final\netty-tcnative-classes-2.0.46.Final.jar;C:\Users\hp\.m2\repository\io\helidon\webserver\helidon-webserver-static-content\2.4.2\helidon-webserver-static-content-2.4.2.jar;C:\Users\hp\.m2\repository\io\helidon\webserver\helidon-webserver-jersey\2.4.2\helidon-webserver-jersey-2.4.2.jar;C:\Users\hp\.m2\repository\io\helidon\jersey\helidon-jersey-server\2.4.2\helidon-jersey-server-2.4.2.jar;C:\Users\hp\.m2\repository\io\netty\netty-buffer\4.1.73.Final\netty-buffer-4.1.73.Final.jar;C:\Users\hp\.m2\repository\io\helidon\common\helidon-common-service-loader\2.4.2\helidon-common-service-loader-2.4.2.jar;C:\Users\hp\.m2\repository\jakarta\interceptor\jakarta.interceptor-api\1.2.5\jakarta.interceptor-api-1.2.5.jar;C:\Users\hp\.m2\repository\jakarta\enterprise\jakarta.enterprise.cdi-api\2.0.2\jakarta.enterprise.cdi-api-2.0.2.jar;C:\Users\hp\.m2\repository\jakarta\el\jakarta.el-api\3.0.3\jakarta.el-api-3.0.3.jar;C:\Users\hp\.m2\repository\io\helidon\media\helidon-media-jsonp\2.4.2\helidon-media-jsonp-2.4.2.jar;C:\Users\hp\.m2\repository\io\helidon\jersey\helidon-jersey-media-jsonp\2.4.2\helidon-jersey-media-jsonp-2.4.2.jar;C:\Users\hp\.m2\repository\org\glassfish\jersey\media\jersey-media-json-processing\2.35\jersey-media-json-processing-2.35.jar;C:\Users\hp\.m2\repository\org\glassfish\jsonp-jaxrs\1.1.6\jsonp-jaxrs-1.1.6.jar;C:\Users\hp\.m2\repository\io\helidon\microprofile\config\helidon-microprofile-config\2.4.2\helidon-microprofile-config-2.4.2.jar;C:\Users\hp\.m2\repository\io\helidon\config\helidon-config-mp\2.4.2\helidon-config-mp-2.4.2.jar;C:\Users\hp\.m2\repository\io\helidon\common\helidon-common\2.4.2\helidon-common-2.4.2.jar;C:\Users\hp\.m2\repository\io\helidon\config\helidon-config-yaml\2.4.2\helidon-config-yaml-2.4.2.jar;C:\Users\hp\.m2\repository\org\yaml\snakeyaml\1.27\snakeyaml-1.27.jar;C:\Users\hp\.m2\repository\io\helidon\config\helidon-config-encryption\2.4.2\helidon-config-encryption-2.4.2.jar;C:\Users\hp\.m2\repository\io\helidon\common\helidon-common-key-util\2.4.2\helidon-common-key-util-2.4.2.jar;C:\Users\hp\.m2\repository\io\helidon\common\helidon-common-crypto\2.4.2\helidon-common-crypto-2.4.2.jar;C:\Users\hp\.m2\repository\io\helidon\config\helidon-config-object-mapping\2.4.2\helidon-config-object-mapping-2.4.2.jar;C:\Users\hp\.m2\repository\io\helidon\microprofile\health\helidon-microprofile-health\2.4.2\helidon-microprofile-health-2.4.2.jar;C:\Users\hp\.m2\repository\io\helidon\health\helidon-health\2.4.2\helidon-health-2.4.2.jar;C:\Users\hp\.m2\repository\io\helidon\webserver\helidon-webserver-cors\2.4.2\helidon-webserver-cors-2.4.2.jar;C:\Users\hp\.m2\repository\org\eclipse\microprofile\config\microprofile-config-api\1.4\microprofile-config-api-1.4.jar;C:\Users\hp\.m2\repository\org\eclipse\microprofile\health\microprofile-health-api\2.2\microprofile-health-api-2.2.jar;C:\Users\hp\.m2\repository\io\helidon\health\helidon-health-common\2.4.2\helidon-health-common-2.4.2.jar;C:\Users\hp\.m2\repository\io\helidon\health\helidon-health-checks\2.4.2\helidon-health-checks-2.4.2.jar;C:\Users\hp\.m2\repository\io\helidon\config\helidon-config\2.4.2\helidon-config-2.4.2.jar;C:\Users\hp\.m2\repository\io\helidon\common\helidon-common-reactive\2.4.2\helidon-common-reactive-2.4.2.jar;C:\Users\hp\.m2\repository\io\helidon\common\helidon-common-mapper\2.4.2\helidon-common-mapper-2.4.2.jar;C:\Users\hp\.m2\repository\io\helidon\common\helidon-common-media-type\2.4.2\helidon-common-media-type-2.4.2.jar;C:\Users\hp\.m2\repository\io\helidon\microprofile\metrics\helidon-microprofile-metrics\2.4.2\helidon-microprofile-metrics-2.4.2.jar;C:\Users\hp\.m2\repository\io\helidon\service-common\helidon-service-common-rest-cdi\2.4.2\helidon-service-common-rest-cdi-2.4.2.jar;C:\Users\hp\.m2\repository\io\helidon\service-common\helidon-service-common-rest\2.4.2\helidon-service-common-rest-2.4.2.jar;C:\Users\hp\.m2\repository\io\helidon\metrics\helidon-metrics-api\2.4.2\helidon-metrics-api-2.4.2.jar;C:\Users\hp\.m2\repository\io\helidon\common\helidon-common-http\2.4.2\helidon-common-http-2.4.2.jar;C:\Users\hp\.m2\repository\io\helidon\config\helidon-config-metadata\2.4.2\helidon-config-metadata-2.4.2.jar;C:\Users\hp\.m2\repository\io\helidon\metrics\helidon-metrics-service-api\2.4.2\helidon-metrics-service-api-2.4.2.jar;C:\Users\hp\.m2\repository\io\helidon\metrics\helidon-metrics\2.4.2\helidon-metrics-2.4.2.jar;C:\Users\hp\.m2\repository\org\eclipse\microprofile\metrics\microprofile-metrics-api\2.3.2\microprofile-metrics-api-2.3.2.jar;C:\Users\hp\.m2\repository\io\helidon\microprofile\helidon-microprofile-fault-tolerance\2.4.2\helidon-microprofile-fault-tolerance-2.4.2.jar;C:\Users\hp\.m2\repository\org\eclipse\microprofile\fault-tolerance\microprofile-fault-tolerance-api\2.1.1\microprofile-fault-tolerance-api-2.1.1.jar;C:\Users\hp\.m2\repository\io\helidon\fault-tolerance\helidon-fault-tolerance\2.4.2\helidon-fault-tolerance-2.4.2.jar;C:\Users\hp\.m2\repository\io\helidon\common\helidon-common-configurable\2.4.2\helidon-common-configurable-2.4.2.jar;C:\Users\hp\.m2\repository\org\glassfish\jersey\ext\cdi\jersey-weld2-se\2.35\jersey-weld2-se-2.35.jar;C:\Users\hp\.m2\repository\org\glassfish\jersey\core\jersey-server\2.35\jersey-server-2.35.jar;C:\Users\hp\.m2\repository\jakarta\validation\jakarta.validation-api\2.0.2\jakarta.validation-api-2.0.2.jar;C:\Users\hp\.m2\repository\org\glassfish\jersey\ext\cdi\jersey-cdi1x\2.35\jersey-cdi1x-2.35.jar;C:\Users\hp\.m2\repository\jakarta\ws\rs\jakarta.ws.rs-api\2.1.6\jakarta.ws.rs-api-2.1.6.jar;C:\Users\hp\.m2\repository\org\jboss\weld\weld-api\3.1.SP2\weld-api-3.1.SP2.jar;C:\Users\hp\.m2\repository\org\jboss\weld\weld-spi\3.1.SP2\weld-spi-3.1.SP2.jar;C:\Users\hp\.m2\repository\io\helidon\microprofile\jwt\helidon-microprofile-jwt-auth\2.4.2\helidon-microprofile-jwt-auth-2.4.2.jar;C:\Users\hp\.m2\repository\org\eclipse\microprofile\jwt\microprofile-jwt-auth-api\1.1.1\microprofile-jwt-auth-api-1.1.1.jar;C:\Users\hp\.m2\repository\io\helidon\security\helidon-security-jwt\2.4.2\helidon-security-jwt-2.4.2.jar;C:\Users\hp\.m2\repository\io\helidon\security\helidon-security-util\2.4.2\helidon-security-util-2.4.2.jar;C:\Users\hp\.m2\repository\io\helidon\security\helidon-security\2.4.2\helidon-security-2.4.2.jar;C:\Users\hp\.m2\repository\io\opentracing\opentracing-util\0.33.0\opentracing-util-0.33.0.jar;C:\Users\hp\.m2\repository\io\helidon\security\integration\helidon-security-integration-jersey\2.4.2\helidon-security-integration-jersey-2.4.2.jar;C:\Users\hp\.m2\repository\io\helidon\security\helidon-security-annotations\2.4.2\helidon-security-annotations-2.4.2.jar;C:\Users\hp\.m2\repository\io\helidon\microprofile\helidon-microprofile-security\2.4.2\helidon-microprofile-security-2.4.2.jar;C:\Users\hp\.m2\repository\io\helidon\bundles\helidon-bundles-security\2.4.2\helidon-bundles-security-2.4.2.jar;C:\Users\hp\.m2\repository\io\helidon\security\providers\helidon-security-providers-header\2.4.2\helidon-security-providers-header-2.4.2.jar;C:\Users\hp\.m2\repository\io\helidon\security\providers\helidon-security-providers-http-auth\2.4.2\helidon-security-providers-http-auth-2.4.2.jar;C:\Users\hp\.m2\repository\io\helidon\security\providers\helidon-security-providers-http-sign\2.4.2\helidon-security-providers-http-sign-2.4.2.jar;C:\Users\hp\.m2\repository\io\helidon\security\providers\helidon-security-providers-jwt\2.4.2\helidon-security-providers-jwt-2.4.2.jar;C:\Users\hp\.m2\repository\io\helidon\security\providers\helidon-security-providers-abac\2.4.2\helidon-security-providers-abac-2.4.2.jar;C:\Users\hp\.m2\repository\io\helidon\security\providers\helidon-security-providers-oidc\2.4.2\helidon-security-providers-oidc-2.4.2.jar;C:\Users\hp\.m2\repository\io\helidon\security\providers\helidon-security-providers-oidc-common\2.4.2\helidon-security-providers-oidc-common-2.4.2.jar;C:\Users\hp\.m2\repository\io\helidon\webclient\helidon-webclient-security\2.4.2\helidon-webclient-security-2.4.2.jar;C:\Users\hp\.m2\repository\io\helidon\webclient\helidon-webclient-tracing\2.4.2\helidon-webclient-tracing-2.4.2.jar;C:\Users\hp\.m2\repository\io\helidon\webclient\helidon-webclient\2.4.2\helidon-webclient-2.4.2.jar;C:\Users\hp\.m2\repository\io\netty\netty-handler-proxy\4.1.73.Final\netty-handler-proxy-4.1.73.Final.jar;C:\Users\hp\.m2\repository\io\netty\netty-codec-socks\4.1.73.Final\netty-codec-socks-4.1.73.Final.jar;C:\Users\hp\.m2\repository\io\helidon\security\abac\helidon-security-abac-time\2.4.2\helidon-security-abac-time-2.4.2.jar;C:\Users\hp\.m2\repository\io\helidon\security\abac\helidon-security-abac-role\2.4.2\helidon-security-abac-role-2.4.2.jar;C:\Users\hp\.m2\repository\io\helidon\security\abac\helidon-security-abac-scope\2.4.2\helidon-security-abac-scope-2.4.2.jar;C:\Users\hp\.m2\repository\io\helidon\security\abac\helidon-security-abac-policy\2.4.2\helidon-security-abac-policy-2.4.2.jar;C:\Users\hp\.m2\repository\io\helidon\security\integration\helidon-security-integration-webserver\2.4.2\helidon-security-integration-webserver-2.4.2.jar;C:\Users\hp\.m2\repository\io\helidon\security\providers\helidon-security-providers-common\2.4.2\helidon-security-providers-common-2.4.2.jar;C:\Users\hp\.m2\repository\io\helidon\security\integration\helidon-security-integration-jersey-client\2.4.2\helidon-security-integration-jersey-client-2.4.2.jar;C:\Users\hp\.m2\repository\io\helidon\security\integration\helidon-security-integration-common\2.4.2\helidon-security-integration-common-2.4.2.jar;C:\Users\hp\.m2\repository\io\helidon\tracing\helidon-tracing-config\2.4.2\helidon-tracing-config-2.4.2.jar;C:\Users\hp\.m2\repository\io\helidon\jersey\helidon-jersey-common\2.4.2\helidon-jersey-common-2.4.2.jar;C:\Users\hp\.m2\repository\io\helidon\webclient\helidon-webclient-jaxrs\2.4.2\helidon-webclient-jaxrs-2.4.2.jar;C:\Users\hp\.m2\repository\io\helidon\microprofile\openapi\helidon-microprofile-openapi\2.4.2\helidon-microprofile-openapi-2.4.2.jar;C:\Users\hp\.m2\repository\io\helidon\openapi\helidon-openapi\2.4.2\helidon-openapi-2.4.2.jar;C:\Users\hp\.m2\repository\io\smallrye\smallrye-open-api-core\2.0.26\smallrye-open-api-core-2.0.26.jar;C:\Users\hp\.m2\repository\io\smallrye\smallrye-open-api-jaxrs\2.0.26\smallrye-open-api-jaxrs-2.0.26.jar;C:\Users\hp\.m2\repository\org\eclipse\microprofile\openapi\microprofile-openapi-api\1.2\microprofile-openapi-api-1.2.jar;C:\Users\hp\.m2\repository\io\helidon\microprofile\rest-client\helidon-microprofile-rest-client\2.4.2\helidon-microprofile-rest-client-2.4.2.jar;C:\Users\hp\.m2\repository\org\eclipse\microprofile\rest\client\microprofile-rest-client-api\2.0\microprofile-rest-client-api-2.0.jar;C:\Users\hp\.m2\repository\io\helidon\common\helidon-common-context\2.4.2\helidon-common-context-2.4.2.jar;C:\Users\hp\.m2\repository\org\glassfish\jersey\ext\microprofile\jersey-mp-rest-client\2.35\jersey-mp-rest-client-2.35.jar;C:\Users\hp\.m2\repository\org\reactivestreams\reactive-streams\1.0.3\reactive-streams-1.0.3.jar;C:\Users\hp\.m2\repository\org\glassfish\jersey\media\jersey-media-sse\2.35\jersey-media-sse-2.35.jar;C:\Users\hp\.m2\repository\io\helidon\microprofile\tracing\helidon-microprofile-tracing\2.4.2\helidon-microprofile-tracing-2.4.2.jar;C:\Users\hp\.m2\repository\io\helidon\tracing\helidon-tracing-jersey\2.4.2\helidon-tracing-jersey-2.4.2.jar;C:\Users\hp\.m2\repository\io\helidon\tracing\helidon-tracing\2.4.2\helidon-tracing-2.4.2.jar;C:\Users\hp\.m2\repository\io\helidon\tracing\helidon-tracing-jersey-client\2.4.2\helidon-tracing-jersey-client-2.4.2.jar;C:\Users\hp\.m2\repository\org\eclipse\microprofile\opentracing\microprofile-opentracing-api\1.3.3\microprofile-opentracing-api-1.3.3.jar;C:\Users\hp\.m2\repository\io\helidon\tracing\helidon-tracing-tracer-resolver\2.4.2\helidon-tracing-tracer-resolver-2.4.2.jar;C:\Users\hp\.m2\repository\io\opentracing\contrib\opentracing-tracerresolver\0.1.8\opentracing-tracerresolver-0.1.8.jar;C:\Users\hp\.m2\repository\org\glassfish\jersey\media\jersey-media-json-binding\2.35\jersey-media-json-binding-2.35.jar;C:\Users\hp\.m2\repository\org\glassfish\jersey\core\jersey-common\2.35\jersey-common-2.35.jar;C:\Users\hp\.m2\repository\org\glassfish\hk2\osgi-resource-locator\1.0.3\osgi-resource-locator-1.0.3.jar;C:\Users\hp\.m2\repository\org\glassfish\jakarta.json\1.1.6\jakarta.json-1.1.6.jar;C:\Users\hp\.m2\repository\jakarta\json\bind\jakarta.json.bind-api\1.0.2\jakarta.json.bind-api-1.0.2.jar;C:\Users\hp\.m2\repository\org\eclipse\yasson\1.0.8\yasson-1.0.8.jar;C:\Users\hp\.m2\repository\org\glassfish\jakarta.json\1.1.6\jakarta.json-1.1.6-module.jar;C:\Users\hp\.m2\repository\org\jboss\jandex\2.3.1.Final\jandex-2.3.1.Final.jar;C:\Users\hp\.m2\repository\org\junit\jupiter\junit-jupiter-api\5.7.0\junit-jupiter-api-5.7.0.jar;C:\Users\hp\.m2\repository\org\apiguardian\apiguardian-api\1.1.0\apiguardian-api-1.1.0.jar;C:\Users\hp\.m2\repository\org\opentest4j\opentest4j\1.2.0\opentest4j-1.2.0.jar;C:\Users\hp\.m2\repository\org\junit\platform\junit-platform-commons\1.7.0\junit-platform-commons-1.7.0.jar;C:\Users\hp\.m2\repository\io\helidon\microprofile\tests\helidon-microprofile-tests-junit5\2.4.2\helidon-microprofile-tests-junit5-2.4.2.jar;C:\Users\hp\.m2\repository\io\helidon\jersey\helidon-jersey-client\2.4.2\helidon-jersey-client-2.4.2.jar;C:\Users\hp\.m2\repository\org\glassfish\jersey\core\jersey-client\2.35\jersey-client-2.35.jar;C:\Users\hp\.m2\repository\org\glassfish\jersey\inject\jersey-hk2\2.35\jersey-hk2-2.35.jar;C:\Users\hp\.m2\repository\org\glassfish\hk2\hk2-locator\2.6.1\hk2-locator-2.6.1.jar;C:\Users\hp\.m2\repository\org\glassfish\hk2\external\aopalliance-repackaged\2.6.1\aopalliance-repackaged-2.6.1.jar;C:\Users\hp\.m2\repository\org\glassfish\hk2\hk2-api\2.6.1\hk2-api-2.6.1.jar;C:\Users\hp\.m2\repository\org\glassfish\hk2\hk2-utils\2.6.1\hk2-utils-2.6.1.jar;C:\Users\hp\.m2\repository\org\javassist\javassist\3.25.0-GA\javassist-3.25.0-GA.jar;C:\Users\hp\.m2\repository\jakarta\xml\bind\jakarta.xml.bind-api\2.3.3\jakarta.xml.bind-api-2.3.3.jar;C:\Users\hp\.m2\repository\jakarta\activation\jakarta.activation-api\1.2.2\jakarta.activation-api-1.2.2.jar;C:\Users\hp\.m2\repository\jakarta\inject\jakarta.inject-api\1.0\jakarta.inject-api-1.0.jar;C:\Users\hp\.m2\repository\io\helidon\config\helidon-config-yaml-mp\2.4.2\helidon-config-yaml-mp-2.4.2.jar;C:\Users\hp\.m2\repository\jakarta\annotation\jakarta.annotation-api\1.3.5\jakarta.annotation-api-1.3.5.jar;"/>
    <property name="java.vm.vendor" value="Oracle Corporation"/>
    <property name="sun.arch.data.model" value="64"/>
    <property name="user.variant" value=""/>
    <property name="java.vendor.url" value="https://java.oracle.com/"/>
    <property name="user.timezone" value="Asia/Calcutta"/>
    <property name="os.name" value="Windows 10"/>
    <property name="java.vm.specification.version" value="14"/>
    <property name="sun.java.launcher" value="SUN_STANDARD"/>
    <property name="user.country" value="US"/>
    <property name="sun.boot.library.path" value="F:\sts-4.8.0.RELEASE\plugins\org.eclipse.justj.openjdk.hotspot.jre.full.win32.x86_64_14.0.2.v20200815-0932\jre\bin"/>
    <property name="sun.java.command" value="C:\Users\hp\AppData\Local\Temp\surefire6724860562988770966\surefirebooter8198857469624915262.jar C:\Users\hp\AppData\Local\Temp\surefire6724860562988770966 2022-03-21T17-57-48_000-jvmRun1 surefire13863771360000198213tmp surefire_03221615308151553923tmp"/>
    <property name="jdk.debug" value="release"/>
    <property name="surefire.test.class.path" value="F:\Helidon\helidon-quickstart-mp\target\test-classes;F:\Helidon\helidon-quickstart-mp\target\classes;C:\Users\hp\.m2\repository\io\helidon\microprofile\bundles\helidon-microprofile\2.4.2\helidon-microprofile-2.4.2.jar;C:\Users\hp\.m2\repository\io\helidon\microprofile\bundles\helidon-microprofile-core\2.4.2\helidon-microprofile-core-2.4.2.jar;C:\Users\hp\.m2\repository\io\helidon\microprofile\server\helidon-microprofile-server\2.4.2\helidon-microprofile-server-2.4.2.jar;C:\Users\hp\.m2\repository\io\helidon\microprofile\cdi\helidon-microprofile-cdi\2.4.2\helidon-microprofile-cdi-2.4.2.jar;C:\Users\hp\.m2\repository\io\helidon\microprofile\weld\weld-se-core\2.4.2\weld-se-core-2.4.2.jar;C:\Users\hp\.m2\repository\io\helidon\microprofile\weld\weld-core-impl\2.4.2\weld-core-impl-2.4.2.jar;C:\Users\hp\.m2\repository\org\jboss\weld\environment\weld-environment-common\3.1.6.Final\weld-environment-common-3.1.6.Final.jar;C:\Users\hp\.m2\repository\org\jboss\logging\jboss-logging\3.2.1.Final\jboss-logging-3.2.1.Final.jar;C:\Users\hp\.m2\repository\org\jboss\classfilewriter\jboss-classfilewriter\1.2.5.Final\jboss-classfilewriter-1.2.5.Final.jar;C:\Users\hp\.m2\repository\io\helidon\webserver\helidon-webserver\2.4.2\helidon-webserver-2.4.2.jar;C:\Users\hp\.m2\repository\io\helidon\media\helidon-media-common\2.4.2\helidon-media-common-2.4.2.jar;C:\Users\hp\.m2\repository\io\helidon\logging\helidon-logging-common\2.4.2\helidon-logging-common-2.4.2.jar;C:\Users\hp\.m2\repository\io\opentracing\opentracing-api\0.33.0\opentracing-api-0.33.0.jar;C:\Users\hp\.m2\repository\io\opentracing\opentracing-noop\0.33.0\opentracing-noop-0.33.0.jar;C:\Users\hp\.m2\repository\io\netty\netty-codec-http\4.1.73.Final\netty-codec-http-4.1.73.Final.jar;C:\Users\hp\.m2\repository\io\netty\netty-common\4.1.73.Final\netty-common-4.1.73.Final.jar;C:\Users\hp\.m2\repository\io\netty\netty-transport\4.1.73.Final\netty-transport-4.1.73.Final.jar;C:\Users\hp\.m2\repository\io\netty\netty-codec\4.1.73.Final\netty-codec-4.1.73.Final.jar;C:\Users\hp\.m2\repository\io\netty\netty-codec-http2\4.1.73.Final\netty-codec-http2-4.1.73.Final.jar;C:\Users\hp\.m2\repository\io\netty\netty-handler\4.1.73.Final\netty-handler-4.1.73.Final.jar;C:\Users\hp\.m2\repository\io\netty\netty-resolver\4.1.73.Final\netty-resolver-4.1.73.Final.jar;C:\Users\hp\.m2\repository\io\netty\netty-tcnative-classes\2.0.46.Final\netty-tcnative-classes-2.0.46.Final.jar;C:\Users\hp\.m2\repository\io\helidon\webserver\helidon-webserver-static-content\2.4.2\helidon-webserver-static-content-2.4.2.jar;C:\Users\hp\.m2\repository\io\helidon\webserver\helidon-webserver-jersey\2.4.2\helidon-webserver-jersey-2.4.2.jar;C:\Users\hp\.m2\repository\io\helidon\jersey\helidon-jersey-server\2.4.2\helidon-jersey-server-2.4.2.jar;C:\Users\hp\.m2\repository\io\netty\netty-buffer\4.1.73.Final\netty-buffer-4.1.73.Final.jar;C:\Users\hp\.m2\repository\io\helidon\common\helidon-common-service-loader\2.4.2\helidon-common-service-loader-2.4.2.jar;C:\Users\hp\.m2\repository\jakarta\interceptor\jakarta.interceptor-api\1.2.5\jakarta.interceptor-api-1.2.5.jar;C:\Users\hp\.m2\repository\jakarta\enterprise\jakarta.enterprise.cdi-api\2.0.2\jakarta.enterprise.cdi-api-2.0.2.jar;C:\Users\hp\.m2\repository\jakarta\el\jakarta.el-api\3.0.3\jakarta.el-api-3.0.3.jar;C:\Users\hp\.m2\repository\io\helidon\media\helidon-media-jsonp\2.4.2\helidon-media-jsonp-2.4.2.jar;C:\Users\hp\.m2\repository\io\helidon\jersey\helidon-jersey-media-jsonp\2.4.2\helidon-jersey-media-jsonp-2.4.2.jar;C:\Users\hp\.m2\repository\org\glassfish\jersey\media\jersey-media-json-processing\2.35\jersey-media-json-processing-2.35.jar;C:\Users\hp\.m2\repository\org\glassfish\jsonp-jaxrs\1.1.6\jsonp-jaxrs-1.1.6.jar;C:\Users\hp\.m2\repository\io\helidon\microprofile\config\helidon-microprofile-config\2.4.2\helidon-microprofile-config-2.4.2.jar;C:\Users\hp\.m2\repository\io\helidon\config\helidon-config-mp\2.4.2\helidon-config-mp-2.4.2.jar;C:\Users\hp\.m2\repository\io\helidon\common\helidon-common\2.4.2\helidon-common-2.4.2.jar;C:\Users\hp\.m2\repository\io\helidon\config\helidon-config-yaml\2.4.2\helidon-config-yaml-2.4.2.jar;C:\Users\hp\.m2\repository\org\yaml\snakeyaml\1.27\snakeyaml-1.27.jar;C:\Users\hp\.m2\repository\io\helidon\config\helidon-config-encryption\2.4.2\helidon-config-encryption-2.4.2.jar;C:\Users\hp\.m2\repository\io\helidon\common\helidon-common-key-util\2.4.2\helidon-common-key-util-2.4.2.jar;C:\Users\hp\.m2\repository\io\helidon\common\helidon-common-crypto\2.4.2\helidon-common-crypto-2.4.2.jar;C:\Users\hp\.m2\repository\io\helidon\config\helidon-config-object-mapping\2.4.2\helidon-config-object-mapping-2.4.2.jar;C:\Users\hp\.m2\repository\io\helidon\microprofile\health\helidon-microprofile-health\2.4.2\helidon-microprofile-health-2.4.2.jar;C:\Users\hp\.m2\repository\io\helidon\health\helidon-health\2.4.2\helidon-health-2.4.2.jar;C:\Users\hp\.m2\repository\io\helidon\webserver\helidon-webserver-cors\2.4.2\helidon-webserver-cors-2.4.2.jar;C:\Users\hp\.m2\repository\org\eclipse\microprofile\config\microprofile-config-api\1.4\microprofile-config-api-1.4.jar;C:\Users\hp\.m2\repository\org\eclipse\microprofile\health\microprofile-health-api\2.2\microprofile-health-api-2.2.jar;C:\Users\hp\.m2\repository\io\helidon\health\helidon-health-common\2.4.2\helidon-health-common-2.4.2.jar;C:\Users\hp\.m2\repository\io\helidon\health\helidon-health-checks\2.4.2\helidon-health-checks-2.4.2.jar;C:\Users\hp\.m2\repository\io\helidon\config\helidon-config\2.4.2\helidon-config-2.4.2.jar;C:\Users\hp\.m2\repository\io\helidon\common\helidon-common-reactive\2.4.2\helidon-common-reactive-2.4.2.jar;C:\Users\hp\.m2\repository\io\helidon\common\helidon-common-mapper\2.4.2\helidon-common-mapper-2.4.2.jar;C:\Users\hp\.m2\repository\io\helidon\common\helidon-common-media-type\2.4.2\helidon-common-media-type-2.4.2.jar;C:\Users\hp\.m2\repository\io\helidon\microprofile\metrics\helidon-microprofile-metrics\2.4.2\helidon-microprofile-metrics-2.4.2.jar;C:\Users\hp\.m2\repository\io\helidon\service-common\helidon-service-common-rest-cdi\2.4.2\helidon-service-common-rest-cdi-2.4.2.jar;C:\Users\hp\.m2\repository\io\helidon\service-common\helidon-service-common-rest\2.4.2\helidon-service-common-rest-2.4.2.jar;C:\Users\hp\.m2\repository\io\helidon\metrics\helidon-metrics-api\2.4.2\helidon-metrics-api-2.4.2.jar;C:\Users\hp\.m2\repository\io\helidon\common\helidon-common-http\2.4.2\helidon-common-http-2.4.2.jar;C:\Users\hp\.m2\repository\io\helidon\config\helidon-config-metadata\2.4.2\helidon-config-metadata-2.4.2.jar;C:\Users\hp\.m2\repository\io\helidon\metrics\helidon-metrics-service-api\2.4.2\helidon-metrics-service-api-2.4.2.jar;C:\Users\hp\.m2\repository\io\helidon\metrics\helidon-metrics\2.4.2\helidon-metrics-2.4.2.jar;C:\Users\hp\.m2\repository\org\eclipse\microprofile\metrics\microprofile-metrics-api\2.3.2\microprofile-metrics-api-2.3.2.jar;C:\Users\hp\.m2\repository\io\helidon\microprofile\helidon-microprofile-fault-tolerance\2.4.2\helidon-microprofile-fault-tolerance-2.4.2.jar;C:\Users\hp\.m2\repository\org\eclipse\microprofile\fault-tolerance\microprofile-fault-tolerance-api\2.1.1\microprofile-fault-tolerance-api-2.1.1.jar;C:\Users\hp\.m2\repository\io\helidon\fault-tolerance\helidon-fault-tolerance\2.4.2\helidon-fault-tolerance-2.4.2.jar;C:\Users\hp\.m2\repository\io\helidon\common\helidon-common-configurable\2.4.2\helidon-common-configurable-2.4.2.jar;C:\Users\hp\.m2\repository\org\glassfish\jersey\ext\cdi\jersey-weld2-se\2.35\jersey-weld2-se-2.35.jar;C:\Users\hp\.m2\repository\org\glassfish\jersey\core\jersey-server\2.35\jersey-server-2.35.jar;C:\Users\hp\.m2\repository\jakarta\validation\jakarta.validation-api\2.0.2\jakarta.validation-api-2.0.2.jar;C:\Users\hp\.m2\repository\org\glassfish\jersey\ext\cdi\jersey-cdi1x\2.35\jersey-cdi1x-2.35.jar;C:\Users\hp\.m2\repository\jakarta\ws\rs\jakarta.ws.rs-api\2.1.6\jakarta.ws.rs-api-2.1.6.jar;C:\Users\hp\.m2\repository\org\jboss\weld\weld-api\3.1.SP2\weld-api-3.1.SP2.jar;C:\Users\hp\.m2\repository\org\jboss\weld\weld-spi\3.1.SP2\weld-spi-3.1.SP2.jar;C:\Users\hp\.m2\repository\io\helidon\microprofile\jwt\helidon-microprofile-jwt-auth\2.4.2\helidon-microprofile-jwt-auth-2.4.2.jar;C:\Users\hp\.m2\repository\org\eclipse\microprofile\jwt\microprofile-jwt-auth-api\1.1.1\microprofile-jwt-auth-api-1.1.1.jar;C:\Users\hp\.m2\repository\io\helidon\security\helidon-security-jwt\2.4.2\helidon-security-jwt-2.4.2.jar;C:\Users\hp\.m2\repository\io\helidon\security\helidon-security-util\2.4.2\helidon-security-util-2.4.2.jar;C:\Users\hp\.m2\repository\io\helidon\security\helidon-security\2.4.2\helidon-security-2.4.2.jar;C:\Users\hp\.m2\repository\io\opentracing\opentracing-util\0.33.0\opentracing-util-0.33.0.jar;C:\Users\hp\.m2\repository\io\helidon\security\integration\helidon-security-integration-jersey\2.4.2\helidon-security-integration-jersey-2.4.2.jar;C:\Users\hp\.m2\repository\io\helidon\security\helidon-security-annotations\2.4.2\helidon-security-annotations-2.4.2.jar;C:\Users\hp\.m2\repository\io\helidon\microprofile\helidon-microprofile-security\2.4.2\helidon-microprofile-security-2.4.2.jar;C:\Users\hp\.m2\repository\io\helidon\bundles\helidon-bundles-security\2.4.2\helidon-bundles-security-2.4.2.jar;C:\Users\hp\.m2\repository\io\helidon\security\providers\helidon-security-providers-header\2.4.2\helidon-security-providers-header-2.4.2.jar;C:\Users\hp\.m2\repository\io\helidon\security\providers\helidon-security-providers-http-auth\2.4.2\helidon-security-providers-http-auth-2.4.2.jar;C:\Users\hp\.m2\repository\io\helidon\security\providers\helidon-security-providers-http-sign\2.4.2\helidon-security-providers-http-sign-2.4.2.jar;C:\Users\hp\.m2\repository\io\helidon\security\providers\helidon-security-providers-jwt\2.4.2\helidon-security-providers-jwt-2.4.2.jar;C:\Users\hp\.m2\repository\io\helidon\security\providers\helidon-security-providers-abac\2.4.2\helidon-security-providers-abac-2.4.2.jar;C:\Users\hp\.m2\repository\io\helidon\security\providers\helidon-security-providers-oidc\2.4.2\helidon-security-providers-oidc-2.4.2.jar;C:\Users\hp\.m2\repository\io\helidon\security\providers\helidon-security-providers-oidc-common\2.4.2\helidon-security-providers-oidc-common-2.4.2.jar;C:\Users\hp\.m2\repository\io\helidon\webclient\helidon-webclient-security\2.4.2\helidon-webclient-security-2.4.2.jar;C:\Users\hp\.m2\repository\io\helidon\webclient\helidon-webclient-tracing\2.4.2\helidon-webclient-tracing-2.4.2.jar;C:\Users\hp\.m2\repository\io\helidon\webclient\helidon-webclient\2.4.2\helidon-webclient-2.4.2.jar;C:\Users\hp\.m2\repository\io\netty\netty-handler-proxy\4.1.73.Final\netty-handler-proxy-4.1.73.Final.jar;C:\Users\hp\.m2\repository\io\netty\netty-codec-socks\4.1.73.Final\netty-codec-socks-4.1.73.Final.jar;C:\Users\hp\.m2\repository\io\helidon\security\abac\helidon-security-abac-time\2.4.2\helidon-security-abac-time-2.4.2.jar;C:\Users\hp\.m2\repository\io\helidon\security\abac\helidon-security-abac-role\2.4.2\helidon-security-abac-role-2.4.2.jar;C:\Users\hp\.m2\repository\io\helidon\security\abac\helidon-security-abac-scope\2.4.2\helidon-security-abac-scope-2.4.2.jar;C:\Users\hp\.m2\repository\io\helidon\security\abac\helidon-security-abac-policy\2.4.2\helidon-security-abac-policy-2.4.2.jar;C:\Users\hp\.m2\repository\io\helidon\security\integration\helidon-security-integration-webserver\2.4.2\helidon-security-integration-webserver-2.4.2.jar;C:\Users\hp\.m2\repository\io\helidon\security\providers\helidon-security-providers-common\2.4.2\helidon-security-providers-common-2.4.2.jar;C:\Users\hp\.m2\repository\io\helidon\security\integration\helidon-security-integration-jersey-client\2.4.2\helidon-security-integration-jersey-client-2.4.2.jar;C:\Users\hp\.m2\repository\io\helidon\security\integration\helidon-security-integration-common\2.4.2\helidon-security-integration-common-2.4.2.jar;C:\Users\hp\.m2\repository\io\helidon\tracing\helidon-tracing-config\2.4.2\helidon-tracing-config-2.4.2.jar;C:\Users\hp\.m2\repository\io\helidon\jersey\helidon-jersey-common\2.4.2\helidon-jersey-common-2.4.2.jar;C:\Users\hp\.m2\repository\io\helidon\webclient\helidon-webclient-jaxrs\2.4.2\helidon-webclient-jaxrs-2.4.2.jar;C:\Users\hp\.m2\repository\io\helidon\microprofile\openapi\helidon-microprofile-openapi\2.4.2\helidon-microprofile-openapi-2.4.2.jar;C:\Users\hp\.m2\repository\io\helidon\openapi\helidon-openapi\2.4.2\helidon-openapi-2.4.2.jar;C:\Users\hp\.m2\repository\io\smallrye\smallrye-open-api-core\2.0.26\smallrye-open-api-core-2.0.26.jar;C:\Users\hp\.m2\repository\io\smallrye\smallrye-open-api-jaxrs\2.0.26\smallrye-open-api-jaxrs-2.0.26.jar;C:\Users\hp\.m2\repository\org\eclipse\microprofile\openapi\microprofile-openapi-api\1.2\microprofile-openapi-api-1.2.jar;C:\Users\hp\.m2\repository\io\helidon\microprofile\rest-client\helidon-microprofile-rest-client\2.4.2\helidon-microprofile-rest-client-2.4.2.jar;C:\Users\hp\.m2\repository\org\eclipse\microprofile\rest\client\microprofile-rest-client-api\2.0\microprofile-rest-client-api-2.0.jar;C:\Users\hp\.m2\repository\io\helidon\common\helidon-common-context\2.4.2\helidon-common-context-2.4.2.jar;C:\Users\hp\.m2\repository\org\glassfish\jersey\ext\microprofile\jersey-mp-rest-client\2.35\jersey-mp-rest-client-2.35.jar;C:\Users\hp\.m2\repository\org\reactivestreams\reactive-streams\1.0.3\reactive-streams-1.0.3.jar;C:\Users\hp\.m2\repository\org\glassfish\jersey\media\jersey-media-sse\2.35\jersey-media-sse-2.35.jar;C:\Users\hp\.m2\repository\io\helidon\microprofile\tracing\helidon-microprofile-tracing\2.4.2\helidon-microprofile-tracing-2.4.2.jar;C:\Users\hp\.m2\repository\io\helidon\tracing\helidon-tracing-jersey\2.4.2\helidon-tracing-jersey-2.4.2.jar;C:\Users\hp\.m2\repository\io\helidon\tracing\helidon-tracing\2.4.2\helidon-tracing-2.4.2.jar;C:\Users\hp\.m2\repository\io\helidon\tracing\helidon-tracing-jersey-client\2.4.2\helidon-tracing-jersey-client-2.4.2.jar;C:\Users\hp\.m2\repository\org\eclipse\microprofile\opentracing\microprofile-opentracing-api\1.3.3\microprofile-opentracing-api-1.3.3.jar;C:\Users\hp\.m2\repository\io\helidon\tracing\helidon-tracing-tracer-resolver\2.4.2\helidon-tracing-tracer-resolver-2.4.2.jar;C:\Users\hp\.m2\repository\io\opentracing\contrib\opentracing-tracerresolver\0.1.8\opentracing-tracerresolver-0.1.8.jar;C:\Users\hp\.m2\repository\org\glassfish\jersey\media\jersey-media-json-binding\2.35\jersey-media-json-binding-2.35.jar;C:\Users\hp\.m2\repository\org\glassfish\jersey\core\jersey-common\2.35\jersey-common-2.35.jar;C:\Users\hp\.m2\repository\org\glassfish\hk2\osgi-resource-locator\1.0.3\osgi-resource-locator-1.0.3.jar;C:\Users\hp\.m2\repository\org\glassfish\jakarta.json\1.1.6\jakarta.json-1.1.6.jar;C:\Users\hp\.m2\repository\jakarta\json\bind\jakarta.json.bind-api\1.0.2\jakarta.json.bind-api-1.0.2.jar;C:\Users\hp\.m2\repository\org\eclipse\yasson\1.0.8\yasson-1.0.8.jar;C:\Users\hp\.m2\repository\org\glassfish\jakarta.json\1.1.6\jakarta.json-1.1.6-module.jar;C:\Users\hp\.m2\repository\org\jboss\jandex\2.3.1.Final\jandex-2.3.1.Final.jar;C:\Users\hp\.m2\repository\org\junit\jupiter\junit-jupiter-api\5.7.0\junit-jupiter-api-5.7.0.jar;C:\Users\hp\.m2\repository\org\apiguardian\apiguardian-api\1.1.0\apiguardian-api-1.1.0.jar;C:\Users\hp\.m2\repository\org\opentest4j\opentest4j\1.2.0\opentest4j-1.2.0.jar;C:\Users\hp\.m2\repository\org\junit\platform\junit-platform-commons\1.7.0\junit-platform-commons-1.7.0.jar;C:\Users\hp\.m2\repository\io\helidon\microprofile\tests\helidon-microprofile-tests-junit5\2.4.2\helidon-microprofile-tests-junit5-2.4.2.jar;C:\Users\hp\.m2\repository\io\helidon\jersey\helidon-jersey-client\2.4.2\helidon-jersey-client-2.4.2.jar;C:\Users\hp\.m2\repository\org\glassfish\jersey\core\jersey-client\2.35\jersey-client-2.35.jar;C:\Users\hp\.m2\repository\org\glassfish\jersey\inject\jersey-hk2\2.35\jersey-hk2-2.35.jar;C:\Users\hp\.m2\repository\org\glassfish\hk2\hk2-locator\2.6.1\hk2-locator-2.6.1.jar;C:\Users\hp\.m2\repository\org\glassfish\hk2\external\aopalliance-repackaged\2.6.1\aopalliance-repackaged-2.6.1.jar;C:\Users\hp\.m2\repository\org\glassfish\hk2\hk2-api\2.6.1\hk2-api-2.6.1.jar;C:\Users\hp\.m2\repository\org\glassfish\hk2\hk2-utils\2.6.1\hk2-utils-2.6.1.jar;C:\Users\hp\.m2\repository\org\javassist\javassist\3.25.0-GA\javassist-3.25.0-GA.jar;C:\Users\hp\.m2\repository\jakarta\xml\bind\jakarta.xml.bind-api\2.3.3\jakarta.xml.bind-api-2.3.3.jar;C:\Users\hp\.m2\repository\jakarta\activation\jakarta.activation-api\1.2.2\jakarta.activation-api-1.2.2.jar;C:\Users\hp\.m2\repository\jakarta\inject\jakarta.inject-api\1.0\jakarta.inject-api-1.0.jar;C:\Users\hp\.m2\repository\io\helidon\config\helidon-config-yaml-mp\2.4.2\helidon-config-yaml-mp-2.4.2.jar;C:\Users\hp\.m2\repository\jakarta\annotation\jakarta.annotation-api\1.3.5\jakarta.annotation-api-1.3.5.jar;"/>
    <property name="sun.cpu.endian" value="little"/>
    <property name="user.home" value="C:\Users\hp"/>
    <property name="user.language" value="en"/>
    <property name="java.specification.vendor" value="Oracle Corporation"/>
    <property name="io.netty.allocator.maxOrder" value="6"/>
    <property name="java.version.date" value="2020-07-14"/>
    <property name="java.home" value="F:\sts-4.8.0.RELEASE\plugins\org.eclipse.justj.openjdk.hotspot.jre.full.win32.x86_64_14.0.2.v20200815-0932\jre"/>
    <property name="file.separator" value="\"/>
    <property name="style.color" value="always"/>
    <property name="basedir" value="F:\Helidon\helidon-quickstart-mp"/>
    <property name="java.vm.compressedOopsMode" value="Zero based"/>
    <property name="line.separator" value="&#10;"/>
    <property name="java.vm.specification.vendor" value="Oracle Corporation"/>
    <property name="java.specification.name" value="Java Platform API Specification"/>
    <property name="surefire.real.class.path" value="C:\Users\hp\AppData\Local\Temp\surefire6724860562988770966\surefirebooter8198857469624915262.jar"/>
    <property name="user.script" value=""/>
    <property name="java.util.logging.config.file" value="F:\Helidon\helidon-quickstart-mp\target\classes/logging.properties"/>
    <property name="sun.management.compiler" value="HotSpot 64-Bit Tiered Compilers"/>
    <property name="java.runtime.version" value="14.0.2+12-46"/>
    <property name="user.name" value="hp"/>
    <property name="path.separator" value=";"/>
    <property name="os.version" value="10.0"/>
    <property name="java.runtime.name" value="OpenJDK Runtime Environment"/>
    <property name="file.encoding" value="Cp1252"/>
    <property name="java.vm.name" value="OpenJDK 64-Bit Server VM"/>
    <property name="localRepository" value="C:\Users\hp\.m2\repository"/>
    <property name="jersey.config.client.ignoreExceptionResponse" value="true"/>
    <property name="java.vendor.url.bug" value="https://bugreport.java.com/bugreport/"/>
    <property name="java.io.tmpdir" value="C:\Users\hp\AppData\Local\Temp\"/>
    <property name="java.version" value="14.0.2"/>
    <property name="user.dir" value="F:\Helidon\helidon-quickstart-mp"/>
    <property name="os.arch" value="amd64"/>
    <property name="java.vm.specification.name" value="Java Virtual Machine Specification"/>
    <property name="sun.os.patch.level" value=""/>
    <property name="java.library.path" value="F:\sts-4.8.0.RELEASE\plugins\org.eclipse.justj.openjdk.hotspot.jre.full.win32.x86_64_14.0.2.v20200815-0932\jre\bin;C:\WINDOWS\Sun\Java\bin;C:\WINDOWS\system32;C:\WINDOWS;F:/sts-4.8.0.RELEASE//plugins/org.eclipse.justj.openjdk.hotspot.jre.full.win32.x86_64_14.0.2.v20200815-0932/jre/bin/server;F:/sts-4.8.0.RELEASE//plugins/org.eclipse.justj.openjdk.hotspot.jre.full.win32.x86_64_14.0.2.v20200815-0932/jre/bin;C:\Program Files\Common Files\Oracle\Java\javapath;F:\Oracle_db\WINDOWS.X64_193000_db_home\bin;C:\app\hp\product\11.2.0\dbhome_1\bin;C:\Program Files (x86)\Common Files\Oracle\Java\javapath;C:\WINDOWS\system32;C:\WINDOWS;C:\WINDOWS\System32\Wbem;C:\WINDOWS\System32\WindowsPowerShell\v1.0\;C:\WINDOWS\System32\OpenSSH\;C:\Program Files\Git\cmd;C:\ProgramData\chocolatey\bin;C:\Program Files\TortoiseGit\bin;C:\Program Files\PuTTY\;C:\Program Files\nodejs\;C:\HashiCorp\Vagrant\bin;C:\Program Files\Docker\Docker\resources\bin;C:\ProgramData\DockerDesktop\version-bin;C:\Program Files\apache-maven-3.8.4-bin\apache-maven-3.8.4\bin;C:\Users\hp\AppData\Local\Microsoft\WindowsApps;C:\Users\hp\AppData\Local\Programs\Microsoft VS Code\bin;C:\Program Files\heroku\bin;C:\Users\hp\AppData\Roaming\npm;C:\Program Files\Java\jdk-11.0.14;C:\Program Files\Java\jdk-11.0.14\bin;;F:\sts-4.8.0.RELEASE;;."/>
    <property name="java.vm.info" value="mixed mode"/>
    <property name="java.vendor" value="Oracle Corporation"/>
    <property name="java.vm.version" value="14.0.2+12-46"/>
    <property name="sun.io.unicode.encoding" value="UnicodeLittle"/>
    <property name="java.class.version" value="58.0"/>
  </properties>
  <testcase name="testHelloWorld" classname="io.helidon.examples.quickstart.mp.MainTest" time="1.912">
    <system-out><![CDATA[2022.03.21 17:57:59 INFO io.helidon.common.LogConfig Thread[main,5,main]: Logging at initialization configured using F:\Helidon\helidon-quickstart-mp\target\classes\logging.properties
2022.03.21 17:57:59 INFO io.helidon.tracing.tracerresolver.TracerResolverBuilder Thread[main,5,main]: TracerResolver not configured, tracing is disabled
2022.03.21 17:57:59 WARNING io.helidon.microprofile.tracing.TracingCdiExtension Thread[main,5,main]: helidon-microprofile-tracing is on the classpath, yet there is no tracer implementation library. Tracing uses a no-op tracer. As a result, no tracing will be configured for WebServer and JAX-RS
2022.03.21 17:57:59 INFO io.helidon.microprofile.security.SecurityCdiExtension Thread[main,5,main]: Authentication provider is missing from security configuration, but security extension for microprofile is enabled (requires providers configuration at key security.providers). Security will not have any valid authentication provider
2022.03.21 17:57:59 INFO io.helidon.microprofile.security.SecurityCdiExtension Thread[main,5,main]: Authorization provider is missing from security configuration, but security extension for microprofile is enabled (requires providers configuration at key security.providers). ABAC provider is configured for authorization.
2022.03.21 17:58:01 INFO io.helidon.microprofile.server.ServerCdiExtension Thread[main,5,main]: Registering JAX-RS Application: HelidonMP
2022.03.21 17:58:04 INFO io.helidon.webserver.NettyWebServer Thread[nioEventLoopGroup-2-1,10,main]: Channel '@default' started: [id: 0xe69e9f4e, L:/[0:0:0:0:0:0:0:0]:64466]
2022.03.21 17:58:04 INFO io.helidon.microprofile.server.ServerCdiExtension Thread[main,5,main]: Server started on http://localhost:64466 (and all other host addresses) in 13285 milliseconds (since JVM startup).
2022.03.21 17:58:04 INFO io.helidon.common.HelidonFeatures Thread[features-thread,5,main]: Helidon MP 2.4.2 features: [CDI, Config, Fault Tolerance, Health, JAX-RS, Metrics, Open API, REST Client, Security, Server, Tracing]
]]></system-out>
  </testcase>
</testsuite>